{"/Users/hussainibulama/nowsinage/utilities/helpers.js": {"path":"/Users/hussainibulama/nowsinage/utilities/helpers.js","statementMap":{"0":{"start":{"line":10,"column":28},"end":{"line":14,"column":3}},"1":{"start":{"line":15,"column":2},"end":{"line":15,"column":27}},"2":{"start":{"line":25,"column":2},"end":{"line":25,"column":54}}},"fnMap":{"0":{"name":"download_file","decl":{"start":{"line":8,"column":16},"end":{"line":8,"column":29}},"loc":{"start":{"line":8,"column":40},"end":{"line":21,"column":1}},"line":8},"1":{"name":"get_url_extension","decl":{"start":{"line":24,"column":16},"end":{"line":24,"column":33}},"loc":{"start":{"line":24,"column":39},"end":{"line":26,"column":1}},"line":24}},"branchMap":{},"s":{"0":0,"1":0,"2":1},"f":{"0":0,"1":1},"b":{},"_coverageSchema":"1a1c01bbd47fc00a2c39e90264f33305004495a9","hash":"8d982e0d07f1396f19a276e573d7bfffc7058618"}
}
